app/build/intermediates/manifest_merge_blame_file/debug/manifest-merger-blame-debug-report.txt
1<?xml version="1.0" encoding="utf-8"?>
2<!--
3  ~ Copyright 2015 Department of Computer Science and Engineering, University of Moratuwa.
4  ~ Licensed under the Apache License, Version 2.0 (the "License");
5  ~ you may not use this file except in compliance with the License.
6  ~ You may obtain a copy of the License at
7  ~
8  ~                  http://www.apache.org/licenses/LICENSE-2.0
9  ~
10  ~ Unless required by applicable law or agreed to in writing, software
11  ~ distributed under the License is distributed on an "AS IS" BASIS,
12  ~ WITHOUT WARRANTIES OR CONDITIONS OF ANY KIND, either express or implied.
13  ~ See the License for the specific language governing permissions and
14  ~ limitations under the License.
15  ~
16-->
17<manifest xmlns:android="http://schemas.android.com/apk/res/android"
18    package="lk.ac.mrt.cse.dbs.simpleexpensemanager"
19    android:versionCode="1"
20    android:versionName="1.0" >
21
22    <uses-sdk
23        android:minSdkVersion="19"
23-->src\main\AndroidManifest.xml
24        android:targetSdkVersion="32" />
24-->src\main\AndroidManifest.xml
25
26    <application
26-->src\main\AndroidManifest.xml:21:5-38:19
27        android:allowBackup="true"
27-->src\main\AndroidManifest.xml:22:9-35
28        android:debuggable="true"
29        android:icon="@mipmap/ic_launcher"
29-->src\main\AndroidManifest.xml:23:9-43
30        android:label="@string/app_name"
30-->src\main\AndroidManifest.xml:24:9-41
31        android:supportsRtl="true"
31-->src\main\AndroidManifest.xml:25:9-35
32        android:testOnly="true"
33        android:theme="@style/AppTheme" >
33-->src\main\AndroidManifest.xml:26:9-40
34        <activity
34-->src\main\AndroidManifest.xml:27:9-37:20
35            android:name="lk.ac.mrt.cse.dbs.simpleexpensemanager.ui.MainActivity"
35-->src\main\AndroidManifest.xml:28:13-44
36            android:exported="true"
36-->src\main\AndroidManifest.xml:31:13-36
37            android:label="@string/app_name"
37-->src\main\AndroidManifest.xml:29:13-45
38            android:theme="@style/AppTheme.NoActionBar" >
38-->src\main\AndroidManifest.xml:30:13-56
39            <intent-filter>
39-->src\main\AndroidManifest.xml:32:13-36:29
40                <action android:name="android.intent.action.MAIN" />
40-->src\main\AndroidManifest.xml:33:17-68
40-->src\main\AndroidManifest.xml:33:25-66
41
42                <category android:name="android.intent.category.LAUNCHER" />
42-->src\main\AndroidManifest.xml:35:17-76
42-->src\main\AndroidManifest.xml:35:27-74
43            </intent-filter>
44        </activity>
45
46        <meta-data
46-->[com.android.support:design:26.1.0] AndroidManifest.xml:26:9-28:38
47            android:name="android.support.VERSION"
47-->[com.android.support:design:26.1.0] AndroidManifest.xml:27:13-51
48            android:value="26.1.0" />
48-->[com.android.support:design:26.1.0] AndroidManifest.xml:28:13-35
49        <meta-data
49-->[android.arch.lifecycle:runtime:1.0.0] AndroidManifest.xml:25:9-27:47
50            android:name="android.arch.lifecycle.VERSION"
50-->[android.arch.lifecycle:runtime:1.0.0] AndroidManifest.xml:26:13-58
51            android:value="27.0.0-SNAPSHOT" />
51-->[android.arch.lifecycle:runtime:1.0.0] AndroidManifest.xml:27:13-44
52    </application>
53
54</manifest>